<?xml version="1.0" encoding="UTF-8"?>
<testng-results ignored="0" total="1" passed="1" failed="0" skipped="0">
  <reporter-output>
  </reporter-output>
  <suite started-at="2024-09-19T10:29:20 IST" name="Default suite" finished-at="2024-09-19T10:29:38 IST" duration-ms="17748">
    <groups>
    </groups>
    <test started-at="2024-09-19T10:29:20 IST" name="Default test" finished-at="2024-09-19T10:29:38 IST" duration-ms="17748">
      <class name="test.MouseAction.MouseTest">
        <test-method is-config="true" signature="beforeMethod()[pri:0, instance:test.MouseAction.MouseTest@121314f7]" started-at="2024-09-19T10:29:20 IST" name="beforeMethod" finished-at="2024-09-19T10:29:36 IST" duration-ms="16362" status="PASS">
          <reporter-output>
          </reporter-output>
        </test-method> <!-- beforeMethod -->
        <test-method signature="backClick()[pri:0, instance:test.MouseAction.MouseTest@121314f7]" started-at="2024-09-19T10:29:36 IST" name="backClick" finished-at="2024-09-19T10:29:38 IST" duration-ms="1297" status="PASS">
          <reporter-output>
          </reporter-output>
        </test-method> <!-- backClick -->
        <test-method is-config="true" signature="afterMethod()[pri:0, instance:test.MouseAction.MouseTest@121314f7]" started-at="2024-09-19T10:29:38 IST" name="afterMethod" finished-at="2024-09-19T10:29:38 IST" duration-ms="1" status="PASS">
          <reporter-output>
          </reporter-output>
        </test-method> <!-- afterMethod -->
      </class> <!-- test.MouseAction.MouseTest -->
    </test> <!-- Default test -->
  </suite> <!-- Default suite -->
</testng-results>
